-------------------------------------------------------------------------------
Test set: ConexaoBancoTest
-------------------------------------------------------------------------------
Tests run: 2, Failures: 1, Errors: 0, Skipped: 0, Time elapsed: 0.238 s <<< FAILURE! - in ConexaoBancoTest
ConexaoBancoTest.testDesconectar  Time elapsed: 0.206 s  <<< FAILURE!
org.opentest4j.AssertionFailedError: A conexão deve estar fechada após desconectar ==> Expected java.sql.SQLException to be thrown, but nothing was thrown.
	at ConexaoBancoTest.testDesconectar(ConexaoBancoTest.java:40)

